<?xml version="1.0" encoding="UTF-8"?>
<testsuite name="verify add articles to exito" tests="1" skipped="0" failures="1" errors="0" timestamp="2024-03-06T17:14:20" hostname="CHMEPPF1WYQYP" time="1.65">
  <properties/>
  <testcase name="Add articles to exito" classname="verify add articles to exito" time="1.65">
    <failure message="java.lang.AssertionError: Invalid URL: google.com" type="java.lang.AssertionError">java.lang.AssertionError: Invalid URL: google.com
	at net.serenitybdd.core.pages.PageUrls.verified(PageUrls.java:71)
	at net.serenitybdd.core.pages.PageUrls.getStartingUrl(PageUrls.java:47)
	at net.serenitybdd.core.pages.PageObject.open(PageObject.java:760)
	at net.serenitybdd.core.pages.PageObject.open(PageObject.java:749)
	at co.com.choucair.certification.prueba.pom.step.OpenApp.appUrl(OpenApp.java:12)
	at co.com.choucair.certification.prueba.pom.step.OpenApp$$EnhancerByCGLIB$$a0e27f3f.CGLIB$appUrl$0(&lt;generated&gt;)
	at co.com.choucair.certification.prueba.pom.step.OpenApp$$EnhancerByCGLIB$$a0e27f3f$$FastClassByCGLIB$$3ae2d513.invoke(&lt;generated&gt;)
	at net.sf.cglib.proxy.MethodProxy.invokeSuper(MethodProxy.java:228)
	at net.thucydides.core.steps.StepInterceptor.invokeMethod(StepInterceptor.java:449)
	at net.thucydides.core.steps.StepInterceptor.executeTestStepMethod(StepInterceptor.java:434)
	at net.thucydides.core.steps.StepInterceptor.runTestStep(StepInterceptor.java:409)
	at net.thucydides.core.steps.StepInterceptor.runOrSkipMethod(StepInterceptor.java:150)
	at net.thucydides.core.steps.StepInterceptor.testStepResult(StepInterceptor.java:137)
	at net.thucydides.core.steps.StepInterceptor.intercept(StepInterceptor.java:68)
	at co.com.choucair.certification.prueba.pom.step.OpenApp$$EnhancerByCGLIB$$a0e27f3f.appUrl(&lt;generated&gt;)
	at co.com.choucair.certification.prueba.pom.definition.Mydefinition.iEntryToThePageExito(Mydefinition.java:18)
	at âœ½.I entry to the page exito(src/test/resources/features/prueba.feature:11)
</failure>
  </testcase>
  <system-out><![CDATA[]]></system-out>
  <system-err><![CDATA[[Test worker] ERROR net.serenitybdd.core.Serenity - 
           __  _____ _____ ____ _____   _____ _    ___ _     _____ ____  
  _       / / |_   _| ____/ ___|_   _| |  ___/ \  |_ _| |   | ____|  _ \ 
 (_)_____| |    | | |  _| \___ \ | |   | |_ / _ \  | || |   |  _| | | | |
  _|_____| |    | | | |___ ___) || |   |  _/ ___ \ | || |___| |___| |_| |
 (_)     | |    |_| |_____|____/ |_|   |_|/_/   \_\___|_____|_____|____/ 
          \_\                                                            

TEST FAILED: Add articles to exito
--------------------------------------------------------------------------
[Test worker] ERROR net.serenitybdd.core.Serenity - TEST FAILED AT STEP App url
[Test worker] ERROR net.serenitybdd.core.Serenity - Invalid URL: google.com
]]></system-err>
</testsuite>
