<?xml version="1.0" encoding="UTF-8"?><testsuite errors="0" failures="1" name="verify add articles to exito" skipped="0" tests="1" time="2.76" timestamp="2024-03-06 12:14:19"><testcase name="Add articles to exito"><failure message="Invalid URL: google.com" type="java.lang.AssertionError">Invalid URL: google.com</failure><system-err>Invalid URL: google.com&#13;
co.com.choucair.certification.prueba.pom.step.OpenApp.appUrl(OpenApp.java:12)&#13;
co.com.choucair.certification.prueba.pom.definition.Mydefinition.iEntryToThePageExito(Mydefinition.java:18)&#13;
✽.I entry to the page exito(src/test/resources/features/prueba.feature:11)&#13;
</system-err></testcase></testsuite>